# JRE version: OpenJDK Runtime Environment (8.0_242-b01) (build 1.8.0_242-release-1644-b01)
# Java VM: OpenJDK 64-Bit Server VM (25.242-b01 mixed mode windows-amd64 compressed oops)
Heap:
 PSYoungGen      total 520192K, used 261598K [0x00000000d5580000, 0x00000000fe580000, 0x0000000100000000)
  eden space 479744K, 54% used [0x00000000d5580000,0x00000000e55b18c0,0x00000000f2a00000)
  from space 40448K, 16% used [0x00000000f2a00000,0x00000000f3081f70,0x00000000f5180000)
  to   space 38912K, 0% used [0x00000000fbf80000,0x00000000fbf80000,0x00000000fe580000)
 ParOldGen       total 169472K, used 76633K [0x0000000080000000, 0x000000008a580000, 0x00000000d5580000)
  object space 169472K, 45% used [0x0000000080000000,0x0000000084ad6740,0x000000008a580000)
 Metaspace       used 82082K, capacity 86450K, committed 88280K, reserved 1126400K
  class space    used 11104K, capacity 11868K, committed 12288K, reserved 1048576K
GC Heap History (10 events):
Event: 15.793 GC heap before
{Heap before GC invocations=17 (full 3):
 PSYoungGen      total 268800K, used 268783K [0x00000000d5580000, 0x00000000ee280000, 0x0000000100000000)
  eden space 248320K, 100% used [0x00000000d5580000,0x00000000e4800000,0x00000000e4800000)
  from space 20480K, 99% used [0x00000000e4800000,0x00000000e5bfbe38,0x00000000e5c00000)
  to   space 26112K, 0% used [0x00000000ec900000,0x00000000ec900000,0x00000000ee280000)
 ParOldGen       total 92160K, used 34963K [0x0000000080000000, 0x0000000085a00000, 0x00000000d5580000)
  object space 92160K, 37% used [0x0000000080000000,0x0000000082224e00,0x0000000085a00000)
 Metaspace       used 72237K, capacity 76236K, committed 76376K, reserved 1116160K
  class space    used 9867K, capacity 10557K, committed 10624K, reserved 1048576K
Event: 15.824 GC heap after
Heap after GC invocations=17 (full 3):
 PSYoungGen      total 372224K, used 24663K [0x00000000d5580000, 0x00000000ee200000, 0x0000000100000000)
  eden space 346624K, 0% used [0x00000000d5580000,0x00000000d5580000,0x00000000ea800000)
  from space 25600K, 96% used [0x00000000ec900000,0x00000000ee115e90,0x00000000ee200000)
  to   space 29696K, 0% used [0x00000000ea800000,0x00000000ea800000,0x00000000ec500000)
 ParOldGen       total 92160K, used 53686K [0x0000000080000000, 0x0000000085a00000, 0x00000000d5580000)
  object space 92160K, 58% used [0x0000000080000000,0x000000008346daf0,0x0000000085a00000)
 Metaspace       used 72237K, capacity 76236K, committed 76376K, reserved 1116160K
  class space    used 9867K, capacity 10557K, committed 10624K, reserved 1048576K
}
Event: 19.698 GC heap before
{Heap before GC invocations=18 (full 3):
 PSYoungGen      total 372224K, used 371287K [0x00000000d5580000, 0x00000000ee200000, 0x0000000100000000)
  eden space 346624K, 100% used [0x00000000d5580000,0x00000000ea800000,0x00000000ea800000)
  from space 25600K, 96% used [0x00000000ec900000,0x00000000ee115e90,0x00000000ee200000)
  to   space 29696K, 0% used [0x00000000ea800000,0x00000000ea800000,0x00000000ec500000)
 ParOldGen       total 92160K, used 53686K [0x0000000080000000, 0x0000000085a00000, 0x00000000d5580000)
  object space 92160K, 58% used [0x0000000080000000,0x000000008346daf0,0x0000000085a00000)
 Metaspace       used 80716K, capacity 85778K, committed 86104K, reserved 1124352K
  class space    used 11163K, capacity 12060K, committed 12160K, reserved 1048576K
Event: 19.956 GC heap after
Heap after GC invocations=18 (full 3):
 PSYoungGen      total 376320K, used 29671K [0x00000000d5580000, 0x00000000f7d80000, 0x0000000100000000)
  eden space 346624K, 0% used [0x00000000d5580000,0x00000000d5580000,0x00000000ea800000)
  from space 29696K, 99% used [0x00000000ea800000,0x00000000ec4f9c60,0x00000000ec500000)
  to   space 40960K, 0% used [0x00000000f5580000,0x00000000f5580000,0x00000000f7d80000)
 ParOldGen       total 92160K, used 70109K [0x0000000080000000, 0x0000000085a00000, 0x00000000d5580000)
  object space 92160K, 76% used [0x0000000080000000,0x00000000844775c8,0x0000000085a00000)
 Metaspace       used 80716K, capacity 85778K, committed 86104K, reserved 1124352K
  class space    used 11163K, capacity 12060K, committed 12160K, reserved 1048576K
}
Event: 20.911 GC heap before
{Heap before GC invocations=19 (full 3):
 PSYoungGen      total 376320K, used 376295K [0x00000000d5580000, 0x00000000f7d80000, 0x0000000100000000)
  eden space 346624K, 100% used [0x00000000d5580000,0x00000000ea800000,0x00000000ea800000)
  from space 29696K, 99% used [0x00000000ea800000,0x00000000ec4f9c60,0x00000000ec500000)
  to   space 40960K, 0% used [0x00000000f5580000,0x00000000f5580000,0x00000000f7d80000)
 ParOldGen       total 92160K, used 70109K [0x0000000080000000, 0x0000000085a00000, 0x00000000d5580000)
  object space 92160K, 76% used [0x0000000080000000,0x00000000844775c8,0x0000000085a00000)
 Metaspace       used 82264K, capacity 87652K, committed 87768K, reserved 1124352K
  class space    used 11312K, capacity 12253K, committed 12288K, reserved 1048576K
Event: 20.952 GC heap after
Heap after GC invocations=19 (full 3):
 PSYoungGen      total 516096K, used 3554K [0x00000000d5580000, 0x00000000f7900000, 0x0000000100000000)
  eden space 479744K, 0% used [0x00000000d5580000,0x00000000d5580000,0x00000000f2a00000)
  from space 36352K, 9% used [0x00000000f5580000,0x00000000f58f8828,0x00000000f7900000)
  to   space 40448K, 0% used [0x00000000f2a00000,0x00000000f2a00000,0x00000000f5180000)
 ParOldGen       total 97280K, used 95936K [0x0000000080000000, 0x0000000085f00000, 0x00000000d5580000)
  object space 97280K, 98% used [0x0000000080000000,0x0000000085db0098,0x0000000085f00000)
 Metaspace       used 82264K, capacity 87652K, committed 87768K, reserved 1124352K
  class space    used 11312K, capacity 12253K, committed 12288K, reserved 1048576K
}
Event: 20.953 GC heap before
{Heap before GC invocations=20 (full 4):
 PSYoungGen      total 516096K, used 3554K [0x00000000d5580000, 0x00000000f7900000, 0x0000000100000000)
  eden space 479744K, 0% used [0x00000000d5580000,0x00000000d5580000,0x00000000f2a00000)
  from space 36352K, 9% used [0x00000000f5580000,0x00000000f58f8828,0x00000000f7900000)
  to   space 40448K, 0% used [0x00000000f2a00000,0x00000000f2a00000,0x00000000f5180000)
 ParOldGen       total 97280K, used 95936K [0x0000000080000000, 0x0000000085f00000, 0x00000000d5580000)
  object space 97280K, 98% used [0x0000000080000000,0x0000000085db0098,0x0000000085f00000)
 Metaspace       used 82264K, capacity 87652K, committed 87768K, reserved 1124352K
  class space    used 11312K, capacity 12253K, committed 12288K, reserved 1048576K
Event: 22.217 GC heap after
Heap after GC invocations=20 (full 4):
 PSYoungGen      total 516096K, used 0K [0x00000000d5580000, 0x00000000f7900000, 0x0000000100000000)
  eden space 479744K, 0% used [0x00000000d5580000,0x00000000d5580000,0x00000000f2a00000)
  from space 36352K, 0% used [0x00000000f5580000,0x00000000f5580000,0x00000000f7900000)
  to   space 40448K, 0% used [0x00000000f2a00000,0x00000000f2a00000,0x00000000f5180000)
 ParOldGen       total 169472K, used 76625K [0x0000000080000000, 0x000000008a580000, 0x00000000d5580000)
  object space 169472K, 45% used [0x0000000080000000,0x0000000084ad4740,0x000000008a580000)
 Metaspace       used 81613K, capacity 85904K, committed 87768K, reserved 1124352K
  class space    used 11090K, capacity 11863K, committed 12288K, reserved 1048576K
}
Event: 25.749 GC heap before
{Heap before GC invocations=21 (full 4):
 PSYoungGen      total 516096K, used 479744K [0x00000000d5580000, 0x00000000f7900000, 0x0000000100000000)
  eden space 479744K, 100% used [0x00000000d5580000,0x00000000f2a00000,0x00000000f2a00000)
  from space 36352K, 0% used [0x00000000f5580000,0x00000000f5580000,0x00000000f7900000)
  to   space 40448K, 0% used [0x00000000f2a00000,0x00000000f2a00000,0x00000000f5180000)
 ParOldGen       total 169472K, used 76625K [0x0000000080000000, 0x000000008a580000, 0x00000000d5580000)
  object space 169472K, 45% used [0x0000000080000000,0x0000000084ad4740,0x000000008a580000)
 Metaspace       used 81965K, capacity 86298K, committed 88024K, reserved 1124352K
  class space    used 11103K, capacity 11868K, committed 12288K, reserved 1048576K
Event: 26.462 GC heap after
Heap after GC invocations=21 (full 4):
 PSYoungGen      total 520192K, used 6663K [0x00000000d5580000, 0x00000000fe580000, 0x0000000100000000)
  eden space 479744K, 0% used [0x00000000d5580000,0x00000000d5580000,0x00000000f2a00000)
  from space 40448K, 16% used [0x00000000f2a00000,0x00000000f3081f70,0x00000000f5180000)
  to   space 38912K, 0% used [0x00000000fbf80000,0x00000000fbf80000,0x00000000fe580000)
 ParOldGen       total 169472K, used 76633K [0x0000000080000000, 0x000000008a580000, 0x00000000d5580000)
  object space 169472K, 45% used [0x0000000080000000,0x0000000084ad6740,0x000000008a580000)
 Metaspace       used 81965K, capacity 86298K, committed 88024K, reserved 1124352K
  class space    used 11103K, capacity 11868K, committed 12288K, reserved 1048576K
}

